16:09:27.588 INFO  vn.vnpay.demo1.Demo1Application - Starting Demo1Application using Java 1.8.0_422 on anhntp2 with PID 42704 (D:\anhntp\demo1-anhntp\demo1\target\classes started by anhntp2 in D:\anhntp\demo1-anhntp\demo1)
16:09:27.591 INFO  vn.vnpay.demo1.Demo1Application - No active profile set, falling back to 1 default profile: "default"
16:09:28.275 INFO  o.s.b.w.e.tomcat.TomcatWebServer - Tomcat initialized with port(s): 8080 (http)
16:09:28.388 INFO  o.s.b.w.s.c.ServletWebServerApplicationContext - Root WebApplicationContext: initialization completed in 765 ms
16:09:28.688 INFO  o.s.b.w.e.tomcat.TomcatWebServer - Tomcat started on port(s): 8080 (http) with context path ''
16:09:28.701 INFO  vn.vnpay.demo1.Demo1Application - Started Demo1Application in 1.491 seconds (JVM running for 2.527)
16:10:12.203 INFO  o.s.web.servlet.DispatcherServlet - Initializing Servlet 'dispatcherServlet'
16:10:12.204 INFO  o.s.web.servlet.DispatcherServlet - Completed initialization in 1 ms
16:10:12.309 INFO  v.v.d.s.impl.PaymentRequestImpl - Begin process payment with request: PaymentRequest(tokenKey=1601353776839FT19310RH6P1, apiID=restPayment, mobile=0345225630, bankCode=VNPAY, accountNo=0001100014211002, payDate=20200929112923, additionalData=11, debitAmount=11200, respDesc=SUCCESS, respCode=00, traceTransfer=FT19310RH6P1, messageType=1, checkSum=07cb3cb1adce3aad292fc722213e0ce493d12e25c2761d8d5424aef25d5dbec4, orderCode=FT19310RH6P1, userName=cntest001, realAmount=11100, promotionCode=11)
16:13:07.003 INFO  vn.vnpay.demo1.Demo1Application - Starting Demo1Application using Java 1.8.0_422 on anhntp2 with PID 47384 (D:\anhntp\demo1-anhntp\demo1\target\classes started by anhntp2 in D:\anhntp\demo1-anhntp\demo1)
16:13:07.006 INFO  vn.vnpay.demo1.Demo1Application - No active profile set, falling back to 1 default profile: "default"
16:13:07.703 INFO  o.s.b.w.e.tomcat.TomcatWebServer - Tomcat initialized with port(s): 8080 (http)
16:13:07.823 INFO  o.s.b.w.s.c.ServletWebServerApplicationContext - Root WebApplicationContext: initialization completed in 784 ms
16:13:08.131 INFO  o.s.b.w.e.tomcat.TomcatWebServer - Tomcat started on port(s): 8080 (http) with context path ''
16:13:08.144 INFO  vn.vnpay.demo1.Demo1Application - Started Demo1Application in 1.517 seconds (JVM running for 2.518)
16:13:17.755 INFO  o.s.web.servlet.DispatcherServlet - Initializing Servlet 'dispatcherServlet'
16:13:17.755 INFO  o.s.web.servlet.DispatcherServlet - Completed initialization in 0 ms
16:13:17.857 INFO  v.v.d.s.impl.PaymentRequestImpl - Begin process payment with request: PaymentRequest(tokenKey=1601353776839FT19310RH6P1, apiID=restPayment, mobile=0345225630, bankCode=VNPAY, accountNo=0001100014211002, payDate=20200929112923, additionalData=11, debitAmount=11200, respDesc=SUCCESS, respCode=00, traceTransfer=FT19310RH6P1, messageType=1, checkSum=07cb3cb1adce3aad292fc722213e0ce493d12e25c2761d8d5424aef25d5dbec4, orderCode=FT19310RH6P1, userName=cntest001, realAmount=11100, promotionCode=11)
16:15:50.030 INFO  vn.vnpay.demo1.Demo1Application - Starting Demo1Application using Java 1.8.0_422 on anhntp2 with PID 28068 (D:\anhntp\demo1-anhntp\demo1\target\classes started by anhntp2 in D:\anhntp\demo1-anhntp\demo1)
16:15:50.033 INFO  vn.vnpay.demo1.Demo1Application - No active profile set, falling back to 1 default profile: "default"
16:15:50.680 INFO  o.s.b.w.e.tomcat.TomcatWebServer - Tomcat initialized with port(s): 8080 (http)
16:15:50.789 INFO  o.s.b.w.s.c.ServletWebServerApplicationContext - Root WebApplicationContext: initialization completed in 724 ms
16:15:51.079 INFO  o.s.b.w.e.tomcat.TomcatWebServer - Tomcat started on port(s): 8080 (http) with context path ''
16:15:51.091 INFO  vn.vnpay.demo1.Demo1Application - Started Demo1Application in 1.389 seconds (JVM running for 2.598)
16:15:55.415 INFO  o.s.web.servlet.DispatcherServlet - Initializing Servlet 'dispatcherServlet'
16:15:55.416 INFO  o.s.web.servlet.DispatcherServlet - Completed initialization in 1 ms
16:15:55.495 INFO  v.v.d.s.impl.PaymentRequestImpl - Begin process payment with request: PaymentRequest(tokenKey=1601353776839FT19310RH6P1, apiID=restPayment, mobile=0345225630, bankCode=VNPAY, accountNo=0001100014211002, payDate=20200929112923, additionalData=11, debitAmount=11200, respDesc=SUCCESS, respCode=00, traceTransfer=FT19310RH6P1, messageType=1, checkSum=07cb3cb1adce3aad292fc722213e0ce493d12e25c2761d8d5424aef25d5dbec4, orderCode=FT19310RH6P1, userName=cntest001, realAmount=11100, promotionCode=11)
16:47:02.311 INFO  vn.vnpay.demo1.Demo1Application - Starting Demo1Application using Java 1.8.0_422 on anhntp2 with PID 24308 (D:\anhntp\demo1-anhntp\demo1\target\classes started by anhntp2 in D:\anhntp\demo1-anhntp\demo1)
16:47:02.314 INFO  vn.vnpay.demo1.Demo1Application - No active profile set, falling back to 1 default profile: "default"
16:47:02.955 INFO  o.s.b.w.e.tomcat.TomcatWebServer - Tomcat initialized with port(s): 8080 (http)
16:47:03.076 INFO  o.s.b.w.s.c.ServletWebServerApplicationContext - Root WebApplicationContext: initialization completed in 729 ms
16:47:03.368 INFO  o.s.b.w.e.tomcat.TomcatWebServer - Tomcat started on port(s): 8080 (http) with context path ''
16:47:03.380 INFO  vn.vnpay.demo1.Demo1Application - Started Demo1Application in 1.395 seconds (JVM running for 2.302)
16:47:08.471 INFO  o.s.web.servlet.DispatcherServlet - Initializing Servlet 'dispatcherServlet'
16:47:08.471 INFO  o.s.web.servlet.DispatcherServlet - Completed initialization in 0 ms
16:47:08.555 INFO  v.v.d.s.impl.PaymentRequestImpl - Begin process payment with request: PaymentRequest(tokenKey=1601353776839FT19310RH6P1, apiID=restPayment, mobile=0345225630, bankCode=VNPAY, accountNo=0001100014211002, payDate=20200929112923, additionalData=11, debitAmount=11200, respDesc=SUCCESS, respCode=00, traceTransfer=FT19310RH6P1, messageType=1, checkSum=07cb3cb1adce3aad292fc722213e0ce493d12e25c2761d8d5424aef25d5dbec4, orderCode=FT19310RH6P1, userName=cntest001, realAmount=11100, promotionCode=11)
16:49:17.758 INFO  vn.vnpay.demo1.Demo1Application - Starting Demo1Application using Java 1.8.0_422 on anhntp2 with PID 24832 (D:\anhntp\demo1-anhntp\demo1\target\classes started by anhntp2 in D:\anhntp\demo1-anhntp\demo1)
16:49:17.761 INFO  vn.vnpay.demo1.Demo1Application - No active profile set, falling back to 1 default profile: "default"
16:49:18.420 INFO  o.s.b.w.e.tomcat.TomcatWebServer - Tomcat initialized with port(s): 8080 (http)
16:49:18.526 INFO  o.s.b.w.s.c.ServletWebServerApplicationContext - Root WebApplicationContext: initialization completed in 733 ms
16:49:19.192 INFO  o.s.b.w.e.tomcat.TomcatWebServer - Tomcat started on port(s): 8080 (http) with context path ''
16:49:19.212 INFO  vn.vnpay.demo1.Demo1Application - Started Demo1Application in 1.791 seconds (JVM running for 2.72)
16:50:06.332 INFO  vn.vnpay.demo1.Demo1Application - Starting Demo1Application using Java 1.8.0_422 on anhntp2 with PID 26224 (D:\anhntp\demo1-anhntp\demo1\target\classes started by anhntp2 in D:\anhntp\demo1-anhntp\demo1)
16:50:06.335 INFO  vn.vnpay.demo1.Demo1Application - No active profile set, falling back to 1 default profile: "default"
16:50:06.918 INFO  o.s.b.w.e.tomcat.TomcatWebServer - Tomcat initialized with port(s): 8080 (http)
16:50:07.031 INFO  o.s.b.w.s.c.ServletWebServerApplicationContext - Root WebApplicationContext: initialization completed in 668 ms
16:50:07.298 INFO  o.s.b.w.e.tomcat.TomcatWebServer - Tomcat started on port(s): 8080 (http) with context path ''
16:50:07.310 INFO  vn.vnpay.demo1.Demo1Application - Started Demo1Application in 1.331 seconds (JVM running for 2.217)
16:50:20.464 INFO  o.s.web.servlet.DispatcherServlet - Initializing Servlet 'dispatcherServlet'
16:50:20.464 INFO  o.s.web.servlet.DispatcherServlet - Completed initialization in 0 ms
16:50:20.539 INFO  v.v.d.s.impl.PaymentRequestImpl - Begin process payment with request: PaymentRequest(tokenKey=1601353776839FT19310RH6P1, apiID=restPayment, mobile=0345225630, bankCode=VNPAY, accountNo=0001100014211002, payDate=20200929112923, additionalData=11, debitAmount=11200, respDesc=SUCCESS, respCode=00, traceTransfer=FT19310RH6P1, messageType=1, checkSum=07cb3cb1adce3aad292fc722213e0ce493d12e25c2761d8d5424aef25d5dbec4, orderCode=FT19310RH6P1, userName=cntest001, realAmount=11100, promotionCode=11)
16:50:23.439 INFO  v.v.d.s.impl.PaymentRequestImpl - Begin process payment with request: PaymentRequest(tokenKey=1601353776839FT19310RH6P1, apiID=restPayment, mobile=0345225630, bankCode=VNPAY, accountNo=0001100014211002, payDate=20200929112923, additionalData=11, debitAmount=11200, respDesc=SUCCESS, respCode=00, traceTransfer=FT19310RH6P1, messageType=1, checkSum=07cb3cb1adce3aad292fc722213e0ce493d12e25c2761d8d5424aef25d5dbec4, orderCode=FT19310RH6P1, userName=cntest001, realAmount=11100, promotionCode=11)
16:52:24.240 INFO  vn.vnpay.demo1.Demo1Application - Starting Demo1Application using Java 1.8.0_422 on anhntp2 with PID 31712 (D:\anhntp\demo1-anhntp\demo1\target\classes started by anhntp2 in D:\anhntp\demo1-anhntp\demo1)
16:52:24.243 INFO  vn.vnpay.demo1.Demo1Application - No active profile set, falling back to 1 default profile: "default"
16:52:24.904 INFO  o.s.b.w.e.tomcat.TomcatWebServer - Tomcat initialized with port(s): 8080 (http)
16:52:25.017 INFO  o.s.b.w.s.c.ServletWebServerApplicationContext - Root WebApplicationContext: initialization completed in 739 ms
16:52:25.311 INFO  o.s.b.w.e.tomcat.TomcatWebServer - Tomcat started on port(s): 8080 (http) with context path ''
16:52:25.323 INFO  vn.vnpay.demo1.Demo1Application - Started Demo1Application in 1.441 seconds (JVM running for 2.499)
16:52:28.295 INFO  o.s.web.servlet.DispatcherServlet - Initializing Servlet 'dispatcherServlet'
16:52:28.296 INFO  o.s.web.servlet.DispatcherServlet - Completed initialization in 1 ms
16:52:28.381 INFO  v.v.d.s.impl.PaymentRequestImpl - Begin process payment with request: PaymentRequest(tokenKey=1601353776839FT19310RH6P1, apiID=restPayment, mobile=0345225630, bankCode=VNPAY, accountNo=0001100014211002, payDate=20200929112923, additionalData=11, debitAmount=11200, respDesc=SUCCESS, respCode=00, traceTransfer=FT19310RH6P1, messageType=1, checkSum=07cb3cb1adce3aad292fc722213e0ce493d12e25c2761d8d5424aef25d5dbec4, orderCode=FT19310RH6P1, userName=cntest001, realAmount=11100, promotionCode=11)
16:54:22.197 INFO  vn.vnpay.demo1.Demo1Application - Starting Demo1Application using Java 1.8.0_422 on anhntp2 with PID 36884 (D:\anhntp\demo1-anhntp\demo1\target\classes started by anhntp2 in D:\anhntp\demo1-anhntp\demo1)
16:54:22.200 INFO  vn.vnpay.demo1.Demo1Application - No active profile set, falling back to 1 default profile: "default"
16:54:22.860 INFO  o.s.b.w.e.tomcat.TomcatWebServer - Tomcat initialized with port(s): 8080 (http)
16:54:22.976 INFO  o.s.b.w.s.c.ServletWebServerApplicationContext - Root WebApplicationContext: initialization completed in 743 ms
16:54:23.284 INFO  o.s.b.w.e.tomcat.TomcatWebServer - Tomcat started on port(s): 8080 (http) with context path ''
16:54:23.296 INFO  vn.vnpay.demo1.Demo1Application - Started Demo1Application in 1.441 seconds (JVM running for 2.456)
16:54:27.958 INFO  o.s.web.servlet.DispatcherServlet - Initializing Servlet 'dispatcherServlet'
16:54:27.958 INFO  o.s.web.servlet.DispatcherServlet - Completed initialization in 0 ms
16:54:28.046 INFO  v.v.d.s.impl.PaymentRequestImpl - Begin process payment with request: PaymentRequest(tokenKey=1601353776839FT19310RH6P1, apiID=restPayment, mobile=0345225630, bankCode=VNPAY, accountNo=0001100014211002, payDate=20200929112923, additionalData=11, debitAmount=11200, respDesc=SUCCESS, respCode=00, traceTransfer=FT19310RH6P1, messageType=1, checkSum=07cb3cb1adce3aad292fc722213e0ce493d12e25c2761d8d5424aef25d5dbec4, orderCode=FT19310RH6P1, userName=cntest001, realAmount=11100, promotionCode=11)
16:56:28.797 INFO  vn.vnpay.demo1.Demo1Application - Starting Demo1Application using Java 1.8.0_422 on anhntp2 with PID 24324 (D:\anhntp\demo1-anhntp\demo1\target\classes started by anhntp2 in D:\anhntp\demo1-anhntp\demo1)
16:56:28.798 INFO  vn.vnpay.demo1.Demo1Application - No active profile set, falling back to 1 default profile: "default"
16:56:29.400 INFO  o.s.b.w.e.tomcat.TomcatWebServer - Tomcat initialized with port(s): 8080 (http)
16:56:29.514 INFO  o.s.b.w.s.c.ServletWebServerApplicationContext - Root WebApplicationContext: initialization completed in 688 ms
16:56:29.720 INFO  o.s.b.w.e.tomcat.TomcatWebServer - Tomcat started on port(s): 8080 (http) with context path ''
16:56:29.732 INFO  vn.vnpay.demo1.Demo1Application - Started Demo1Application in 1.218 seconds (JVM running for 2.092)
16:56:42.522 INFO  o.s.web.servlet.DispatcherServlet - Initializing Servlet 'dispatcherServlet'
16:56:42.523 INFO  o.s.web.servlet.DispatcherServlet - Completed initialization in 1 ms
17:04:31.590 INFO  vn.vnpay.demo1.Demo1Application - Starting Demo1Application using Java 1.8.0_422 on anhntp2 with PID 40628 (D:\anhntp\demo1-anhntp\demo1\target\classes started by anhntp2 in D:\anhntp\demo1-anhntp\demo1)
17:04:31.592 INFO  vn.vnpay.demo1.Demo1Application - No active profile set, falling back to 1 default profile: "default"
17:04:32.314 INFO  o.s.b.w.e.tomcat.TomcatWebServer - Tomcat initialized with port(s): 8080 (http)
17:04:32.434 INFO  o.s.b.w.s.c.ServletWebServerApplicationContext - Root WebApplicationContext: initialization completed in 806 ms
17:04:32.766 INFO  o.s.b.w.e.tomcat.TomcatWebServer - Tomcat started on port(s): 8080 (http) with context path ''
17:04:32.778 INFO  vn.vnpay.demo1.Demo1Application - Started Demo1Application in 1.565 seconds (JVM running for 2.633)
17:04:37.307 INFO  o.s.web.servlet.DispatcherServlet - Initializing Servlet 'dispatcherServlet'
17:04:37.308 INFO  o.s.web.servlet.DispatcherServlet - Completed initialization in 1 ms
17:04:37.402 INFO  v.v.d.s.impl.PaymentRequestImpl - Begin process payment with request: PaymentRequest(tokenKey=1601353776839FT19310RH6P1, apiID=restPayment, mobile=0345225630, bankCode=VNPAY, accountNo=0001100014211002, payDate=20200929112923, additionalData=11, debitAmount=11200, respDesc=SUCCESS, respCode=00, traceTransfer=FT19310RH6P1, messageType=1, checkSum=07cb3cb1adce3aad292fc722213e0ce493d12e25c2761d8d5424aef25d5dbec4, orderCode=FT19310RH6P1, userName=cntest001, realAmount=11100, promotionCode=11)
17:05:49.168 INFO  vn.vnpay.demo1.Demo1Application - Starting Demo1Application using Java 1.8.0_422 on anhntp2 with PID 41032 (D:\anhntp\demo1-anhntp\demo1\target\classes started by anhntp2 in D:\anhntp\demo1-anhntp\demo1)
17:05:49.170 INFO  vn.vnpay.demo1.Demo1Application - No active profile set, falling back to 1 default profile: "default"
17:05:49.846 INFO  o.s.b.w.e.tomcat.TomcatWebServer - Tomcat initialized with port(s): 8080 (http)
17:05:49.960 INFO  o.s.b.w.s.c.ServletWebServerApplicationContext - Root WebApplicationContext: initialization completed in 757 ms
17:05:50.254 INFO  o.s.b.w.e.tomcat.TomcatWebServer - Tomcat started on port(s): 8080 (http) with context path ''
17:05:50.267 INFO  vn.vnpay.demo1.Demo1Application - Started Demo1Application in 1.455 seconds (JVM running for 2.46)
17:06:03.417 INFO  vn.vnpay.demo1.Demo1Application - Starting Demo1Application using Java 1.8.0_422 on anhntp2 with PID 40476 (D:\anhntp\demo1-anhntp\demo1\target\classes started by anhntp2 in D:\anhntp\demo1-anhntp\demo1)
17:06:03.419 INFO  vn.vnpay.demo1.Demo1Application - No active profile set, falling back to 1 default profile: "default"
17:06:04.072 INFO  o.s.b.w.e.tomcat.TomcatWebServer - Tomcat initialized with port(s): 8080 (http)
17:06:04.182 INFO  o.s.b.w.s.c.ServletWebServerApplicationContext - Root WebApplicationContext: initialization completed in 732 ms
17:06:04.831 INFO  o.s.b.w.e.tomcat.TomcatWebServer - Tomcat started on port(s): 8080 (http) with context path ''
17:06:04.849 INFO  vn.vnpay.demo1.Demo1Application - Started Demo1Application in 1.783 seconds (JVM running for 2.76)
17:06:09.726 INFO  o.s.web.servlet.DispatcherServlet - Initializing Servlet 'dispatcherServlet'
17:06:09.727 INFO  o.s.web.servlet.DispatcherServlet - Completed initialization in 1 ms
17:06:20.395 INFO  v.v.d.s.impl.PaymentRequestImpl - Begin process payment with request: PaymentRequest(tokenKey=1601353776839FT19310RH6P1, apiID=restPayment, mobile=0345225630, bankCode=VNPAY, accountNo=0001100014211002, payDate=20200929112923, additionalData=11, debitAmount=11200, respDesc=SUCCESS, respCode=00, traceTransfer=FT19310RH6P1, messageType=1, checkSum=07cb3cb1adce3aad292fc722213e0ce493d12e25c2761d8d5424aef25d5dbec4, orderCode=FT19310RH6P1, userName=cntest001, realAmount=11100, promotionCode=11)
17:06:41.874 INFO  vn.vnpay.demo1.Demo1Application - Starting Demo1Application using Java 1.8.0_422 on anhntp2 with PID 34924 (D:\anhntp\demo1-anhntp\demo1\target\classes started by anhntp2 in D:\anhntp\demo1-anhntp\demo1)
17:06:41.877 INFO  vn.vnpay.demo1.Demo1Application - No active profile set, falling back to 1 default profile: "default"
17:06:42.530 INFO  o.s.b.w.e.tomcat.TomcatWebServer - Tomcat initialized with port(s): 8080 (http)
17:06:42.641 INFO  o.s.b.w.s.c.ServletWebServerApplicationContext - Root WebApplicationContext: initialization completed in 734 ms
17:06:43.328 INFO  o.s.b.w.e.tomcat.TomcatWebServer - Tomcat started on port(s): 8080 (http) with context path ''
17:06:43.349 INFO  vn.vnpay.demo1.Demo1Application - Started Demo1Application in 1.826 seconds (JVM running for 2.852)
17:06:49.317 INFO  o.s.web.servlet.DispatcherServlet - Initializing Servlet 'dispatcherServlet'
17:06:49.318 INFO  o.s.web.servlet.DispatcherServlet - Completed initialization in 0 ms
17:07:04.378 INFO  v.v.d.s.impl.PaymentRequestImpl - Begin process payment with request: PaymentRequest(tokenKey=1601353776839FT19310RH6P1, apiID=restPayment, mobile=0345225630, bankCode=VNPAY, accountNo=0001100014211002, payDate=20200929112923, additionalData=11, debitAmount=11200, respDesc=SUCCESS, respCode=00, traceTransfer=FT19310RH6P1, messageType=1, checkSum=07cb3cb1adce3aad292fc722213e0ce493d12e25c2761d8d5424aef25d5dbec4, orderCode=FT19310RH6P1, userName=cntest001, realAmount=11100, promotionCode=11)
